{"C:\\Users\\Pratik Panchal\\Desktop\\Pratik Panchal Projects\\ShopThing\\shopthing-server\\src\\app.js": {"path":"C:\\Users\\Pratik Panchal\\Desktop\\Pratik Panchal Projects\\ShopThing\\shopthing-server\\src\\app.js","statementMap":{"0":{"start":{"line":1,"column":16},"end":{"line":1,"column":34}},"1":{"start":{"line":2,"column":13},"end":{"line":2,"column":28}},"2":{"start":{"line":3,"column":15},"end":{"line":3,"column":32}},"3":{"start":{"line":4,"column":21},"end":{"line":4,"column":46}},"4":{"start":{"line":5,"column":19},"end":{"line":5,"column":33}},"5":{"start":{"line":6,"column":36},"end":{"line":6,"column":64}},"6":{"start":{"line":7,"column":18},"end":{"line":7,"column":47}},"7":{"start":{"line":9,"column":12},"end":{"line":9,"column":21}},"8":{"start":{"line":11,"column":0},"end":{"line":11,"column":16}},"9":{"start":{"line":12,"column":0},"end":{"line":12,"column":18}},"10":{"start":{"line":15,"column":14},"end":{"line":19,"column":2}},"11":{"start":{"line":21,"column":0},"end":{"line":37,"column":4}},"12":{"start":{"line":27,"column":6},"end":{"line":27,"column":59}},"13":{"start":{"line":27,"column":32},"end":{"line":27,"column":59}},"14":{"start":{"line":29,"column":21},"end":{"line":29,"column":42}},"15":{"start":{"line":30,"column":6},"end":{"line":32,"column":7}},"16":{"start":{"line":31,"column":8},"end":{"line":31,"column":64}},"17":{"start":{"line":34,"column":14},"end":{"line":34,"column":33}},"18":{"start":{"line":35,"column":6},"end":{"line":35,"column":47}},"19":{"start":{"line":39,"column":0},"end":{"line":39,"column":21}}},"fnMap":{"0":{"name":"(anonymous_0)","decl":{"start":{"line":26,"column":4},"end":{"line":26,"column":5}},"loc":{"start":{"line":26,"column":18},"end":{"line":36,"column":5}},"line":26}},"branchMap":{"0":{"loc":{"start":{"line":27,"column":6},"end":{"line":27,"column":59}},"type":"if","locations":[{"start":{"line":27,"column":6},"end":{"line":27,"column":59}},{"start":{"line":27,"column":6},"end":{"line":27,"column":59}}],"line":27},"1":{"loc":{"start":{"line":30,"column":6},"end":{"line":32,"column":7}},"type":"if","locations":[{"start":{"line":30,"column":6},"end":{"line":32,"column":7}},{"start":{"line":30,"column":6},"end":{"line":32,"column":7}}],"line":30},"2":{"loc":{"start":{"line":35,"column":6},"end":{"line":35,"column":46}},"type":"binary-expr","locations":[{"start":{"line":35,"column":6},"end":{"line":35,"column":17}},{"start":{"line":35,"column":21},"end":{"line":35,"column":46}}],"line":35}},"s":{"0":1,"1":1,"2":1,"3":1,"4":1,"5":1,"6":1,"7":1,"8":1,"9":1,"10":1,"11":1,"12":4,"13":1,"14":3,"15":3,"16":2,"17":1,"18":1,"19":1},"f":{"0":4},"b":{"0":[1,3],"1":[2,1],"2":[1,1]},"_coverageSchema":"1a1c01bbd47fc00a2c39e90264f33305004495a9","hash":"5923768555f15ee6c3de69c57f10dd7f684de6e0"}
,"C:\\Users\\Pratik Panchal\\Desktop\\Pratik Panchal Projects\\ShopThing\\shopthing-server\\src\\calculations.js": {"path":"C:\\Users\\Pratik Panchal\\Desktop\\Pratik Panchal Projects\\ShopThing\\shopthing-server\\src\\calculations.js","statementMap":{"0":{"start":{"line":1,"column":19},"end":{"line":28,"column":1}},"1":{"start":{"line":3,"column":14},"end":{"line":3,"column":16}},"2":{"start":{"line":4,"column":17},"end":{"line":4,"column":29}},"3":{"start":{"line":5,"column":13},"end":{"line":5,"column":15}},"4":{"start":{"line":8,"column":2},"end":{"line":10,"column":3}},"5":{"start":{"line":8,"column":15},"end":{"line":8,"column":16}},"6":{"start":{"line":9,"column":4},"end":{"line":9,"column":21}},"7":{"start":{"line":13,"column":2},"end":{"line":19,"column":3}},"8":{"start":{"line":13,"column":15},"end":{"line":13,"column":16}},"9":{"start":{"line":14,"column":4},"end":{"line":18,"column":5}},"10":{"start":{"line":15,"column":6},"end":{"line":17,"column":7}},"11":{"start":{"line":15,"column":19},"end":{"line":15,"column":24}},"12":{"start":{"line":16,"column":8},"end":{"line":16,"column":25}},"13":{"start":{"line":21,"column":2},"end":{"line":23,"column":3}},"14":{"start":{"line":21,"column":15},"end":{"line":21,"column":16}},"15":{"start":{"line":22,"column":4},"end":{"line":22,"column":31}},"16":{"start":{"line":26,"column":12},"end":{"line":26,"column":41}},"17":{"start":{"line":27,"column":2},"end":{"line":27,"column":76}},"18":{"start":{"line":30,"column":0},"end":{"line":30,"column":30}}},"fnMap":{"0":{"name":"(anonymous_0)","decl":{"start":{"line":1,"column":19},"end":{"line":1,"column":20}},"loc":{"start":{"line":1,"column":24},"end":{"line":28,"column":1}},"line":1}},"branchMap":{"0":{"loc":{"start":{"line":14,"column":4},"end":{"line":18,"column":5}},"type":"if","locations":[{"start":{"line":14,"column":4},"end":{"line":18,"column":5}},{"start":{"line":14,"column":4},"end":{"line":18,"column":5}}],"line":14},"1":{"loc":{"start":{"line":22,"column":4},"end":{"line":22,"column":30}},"type":"binary-expr","locations":[{"start":{"line":22,"column":4},"end":{"line":22,"column":12}},{"start":{"line":22,"column":16},"end":{"line":22,"column":30}}],"line":22},"2":{"loc":{"start":{"line":27,"column":9},"end":{"line":27,"column":75}},"type":"cond-expr","locations":[{"start":{"line":27,"column":29},"end":{"line":27,"column":42}},{"start":{"line":27,"column":45},"end":{"line":27,"column":75}}],"line":27}},"s":{"0":2,"1":3,"2":3,"3":3,"4":3,"5":3,"6":38,"7":3,"8":3,"9":7,"10":6,"11":6,"12":18,"13":3,"14":3,"15":32,"16":3,"17":3,"18":2},"f":{"0":3},"b":{"0":[6,1],"1":[32,15],"2":[1,2]},"_coverageSchema":"1a1c01bbd47fc00a2c39e90264f33305004495a9","hash":"3b376a4e8500fa9d5cec5977a47fb5ad24d45819"}
}
