TN:
SF:src\app.js
FN:26,(anonymous_0)
FNF:1
FNH:1
FNDA:4,(anonymous_0)
DA:1,1
DA:2,1
DA:3,1
DA:4,1
DA:5,1
DA:6,1
DA:7,1
DA:9,1
DA:11,1
DA:12,1
DA:15,1
DA:21,1
DA:27,4
DA:29,3
DA:30,3
DA:31,2
DA:34,1
DA:35,1
DA:39,1
LF:19
LH:19
BRDA:27,0,0,1
BRDA:27,0,1,3
BRDA:30,1,0,2
BRDA:30,1,1,1
BRDA:35,2,0,1
BRDA:35,2,1,1
BRF:6
BRH:6
end_of_record
TN:
SF:src\calculations.js
FN:1,(anonymous_0)
FNF:1
FNH:1
FNDA:3,(anonymous_0)
DA:1,2
DA:3,3
DA:4,3
DA:5,3
DA:8,3
DA:9,38
DA:13,3
DA:14,7
DA:15,6
DA:16,18
DA:21,3
DA:22,32
DA:26,3
DA:27,3
DA:30,2
LF:15
LH:15
BRDA:14,0,0,6
BRDA:14,0,1,1
BRDA:22,1,0,32
BRDA:22,1,1,15
BRDA:27,2,0,1
BRDA:27,2,1,2
BRF:6
BRH:6
end_of_record
